<?xml version="1.0" encoding="UTF-8"?>
<!-- Generated by org.testng.reporters.JUnitReportReporter -->
<testsuite hostname="Dominics-MacBook-Air.local" failures="0" tests="1" name="dominic.tests.AppiumTest" time="50.167" errors="0" timestamp="2024-09-27T11:52:30 EAT" skipped="0">
  <testcase classname="dominic.tests.AppiumTest" name="VerifyEuroAccountCreation" time="50.167"/>
</testsuite> <!-- dominic.tests.AppiumTest -->
